0.6368 	WARNING 	We strongly recommend you activate the PTB sound engine in PsychoPy prefs as the preferred audio engine. Its timing is vastly superior. Your prefs are currently set to use ['sounddevice', 'PTB', 'pyo', 'pygame'] (in that order).
12.5003 	EXP 	Created window1 = Window(allowGUI=False, allowStencil=False, autoLog=True, backendConf=UNKNOWN, bitsMode=UNKNOWN, blendMode='avg', bpc=(8, 8, 8), color=array([0, 0, 0]), colorSpace='rgb', depthBits=8, fullscr=<method-wrapper '__getattribute__' of attributeSetter object at 0x7fd01bd04d68>, gamma=None, gammaErrorPolicy='raise', lms=UNKNOWN, monitor=<psychopy.monitors.calibTools.Monitor object at 0x7fd01b224f60>, multiSample=False, name='window1', numSamples=2, pos=[360.0, 225.0], screen=0, size=array([2880, 1800]), stencilBits=0, stereo=False, units='height', useFBO=True, useRetina=True, viewOri=0.0, viewPos=None, viewScale=None, waitBlanking=True, winType='pyglet')
12.5008 	EXP 	window1: mouseVisible = True
12.5056 	EXP 	window1: recordFrameIntervals = False
12.6612 	EXP 	window1: recordFrameIntervals = True
12.8441 	EXP 	window1: recordFrameIntervals = False
13.5115 	EXP 	Created text_3 = TextStim(__class__=<class 'psychopy.visual.text.TextStim'>, alignHoriz=method-wrapper(...), alignText='center', alignVert=method-wrapper(...), anchorHoriz='center', anchorVert='center', antialias=True, autoLog=True, bold=False, color=array([1., 1., 1.]), colorSpace='rgb', contrast=1.0, depth=0.0, flipHoriz=False, flipVert=False, font='Open Sans', fontFiles=[], height=0.03, italic=False, languageStyle='LTR', name='text_3', opacity=1, ori=0.0, pos=array([0., 0.]), rgb=UNKNOWN, text=str(...), units='height', win=Window(...), wrapWidth=1)
13.7207 	EXP 	window1: mouseVisible = True
13.7421 	EXP 	Created eng_proficiency = Slider(__class__=<class 'psychopy.visual.slider.Slider'>, autoDraw=False, autoLog=True, borderColor=None, color=None, colorSpace='rgb', depth=0, fillColor=None, flip=False, font='Open Sans', granularity=0.0, labelHeight=0.05, labelWrapWidth=None, labels=(10, 20, 30, 40, 50, 60, 70, 80, 90, 100), name='eng_proficiency', opacity=None, pos=(0, 0.2), readOnly=False, self=UNKNOWN, size=(1.0, 0.1), startValue=None, style=method-wrapper(...), styleTweaks=method-wrapper(...), ticks=array([ 1,  2,  3,  4,  5,  6,  7,  8,  9, 10]), units='height', win=Window(...))
13.7580 	EXP 	Created text = TextStim(__class__=<class 'psychopy.visual.text.TextStim'>, alignHoriz=method-wrapper(...), alignText='center', alignVert=method-wrapper(...), anchorHoriz='center', anchorVert='center', antialias=True, autoLog=True, bold=False, color=array([1., 1., 1.]), colorSpace='rgb', contrast=1.0, depth=-1.0, flipHoriz=False, flipVert=False, font='Open Sans', fontFiles=[], height=0.04, italic=False, languageStyle='LTR', name='text', opacity=1, ori=0.0, pos=array([ 0. , -0.3]), rgb=UNKNOWN, text=str(...), units='height', win=Window(...), wrapWidth=1)
13.7623 	EXP 	window1: mouseVisible = True
13.7770 	EXP 	Created eng_proficiency_2 = Slider(__class__=<class 'psychopy.visual.slider.Slider'>, autoDraw=False, autoLog=True, borderColor=None, color=None, colorSpace='rgb', depth=0, fillColor=None, flip=False, font='Open Sans', granularity=0.0, labelHeight=0.05, labelWrapWidth=None, labels=(1, 2, 3, 4, 5, 6, 7, 8, 9), name='eng_proficiency_2', opacity=None, pos=(0, 0.2), readOnly=False, self=UNKNOWN, size=(1.0, 0.1), startValue=None, style=method-wrapper(...), styleTweaks=method-wrapper(...), ticks=array([1, 2, 3, 4, 5, 6, 7, 8, 9]), units='height', win=Window(...))
13.7868 	EXP 	Created text_2 = TextStim(__class__=<class 'psychopy.visual.text.TextStim'>, alignHoriz=method-wrapper(...), alignText='center', alignVert=method-wrapper(...), anchorHoriz='center', anchorVert='center', antialias=True, autoLog=True, bold=False, color=array([1., 1., 1.]), colorSpace='rgb', contrast=1.0, depth=-1.0, flipHoriz=False, flipVert=False, font='Open Sans', fontFiles=[], height=0.04, italic=False, languageStyle='LTR', name='text_2', opacity=1, ori=0.0, pos=array([ 0. , -0.3]), rgb=UNKNOWN, text=str(...), units='height', win=Window(...), wrapWidth=1)
13.7942 	EXP 	eng_proficiency: autoLog = True
13.7942 	EXP 	eng_proficiency: markerPos = None
13.7942 	EXP 	eng_proficiency: rating = None
13.7942 	EXP 	eng_proficiency: markerPos = None
13.7942 	EXP 	eng_proficiency: contrast = 1.0
13.7942 	EXP 	eng_proficiency: autoLog = True
13.7942 	EXP 	eng_proficiency: styleTweaks = []
13.7942 	EXP 	eng_proficiency: style = 'rating'
13.7942 	EXP 	eng_proficiency: styleTweaks = []
13.7942 	EXP 	eng_proficiency_2: autoLog = True
13.7942 	EXP 	eng_proficiency_2: markerPos = None
13.7942 	EXP 	eng_proficiency_2: rating = None
13.7942 	EXP 	eng_proficiency_2: markerPos = None
13.7942 	EXP 	eng_proficiency_2: contrast = 1.0
13.7942 	EXP 	eng_proficiency_2: autoLog = True
13.7942 	EXP 	eng_proficiency_2: styleTweaks = []
13.7942 	EXP 	eng_proficiency_2: style = 'rating'
13.7942 	EXP 	eng_proficiency_2: styleTweaks = []
13.7942 	EXP 	text_3: autoDraw = True
18.2976 	DATA 	Keypress: space
18.3197 	EXP 	text_3: autoDraw = False
18.3197 	EXP 	eng_proficiency: markerPos = None
18.3197 	EXP 	eng_proficiency: markerPos = None
18.3197 	EXP 	eng_proficiency: rating = None
18.3197 	EXP 	eng_proficiency: autoDraw = True
18.3197 	EXP 	text: autoDraw = True
22.3445 	DATA 	Mouse: Left button down, pos=(668,621)
22.3608 	EXP 	eng_proficiency: markerPos = 4.98
22.3767 	EXP 	eng_proficiency: markerPos = 4.98
22.3934 	EXP 	eng_proficiency: markerPos = 4.98
22.4102 	EXP 	eng_proficiency: markerPos = 4.98
22.4271 	EXP 	eng_proficiency: markerPos = 4.98
22.4436 	EXP 	eng_proficiency: markerPos = 4.98
22.4601 	EXP 	eng_proficiency: markerPos = 4.98
22.4764 	EXP 	eng_proficiency: markerPos = 4.98
22.4934 	EXP 	eng_proficiency: markerPos = 4.98
22.4939 	DATA 	Mouse:  Left button up, pos=(668,621)
22.5097 	EXP 	eng_proficiency: markerPos = 4.98
22.5097 	EXP 	eng_proficiency: rating = 4.98
22.5270 	EXP 	eng_proficiency: autoDraw = False
22.5270 	EXP 	text: autoDraw = False
22.5270 	EXP 	eng_proficiency_2: markerPos = None
22.5270 	EXP 	eng_proficiency_2: markerPos = None
22.5270 	EXP 	eng_proficiency_2: rating = None
22.5270 	EXP 	eng_proficiency_2: autoDraw = True
22.5270 	EXP 	text_2: autoDraw = True
23.2778 	DATA 	Mouse: Left button down, pos=(668,621)
23.2937 	EXP 	eng_proficiency_2: markerPos = 4.537777777777778
23.3107 	EXP 	eng_proficiency_2: markerPos = 4.537777777777778
23.3270 	EXP 	eng_proficiency_2: markerPos = 4.537777777777778
23.3436 	EXP 	eng_proficiency_2: markerPos = 4.537777777777778
23.3601 	EXP 	eng_proficiency_2: markerPos = 4.537777777777778
23.3768 	EXP 	eng_proficiency_2: markerPos = 4.537777777777778
23.3843 	DATA 	Mouse:  Left button up, pos=(668,621)
23.3938 	EXP 	eng_proficiency_2: markerPos = 4.537777777777778
23.4103 	EXP 	eng_proficiency_2: markerPos = 4.537777777777778
23.4103 	EXP 	eng_proficiency_2: rating = 4.537777777777778
23.4271 	EXP 	eng_proficiency_2: autoDraw = False
23.4271 	EXP 	text_2: autoDraw = False
23.4379 	EXP 	window1: mouseVisible = True
