0.6866 	WARNING 	We strongly recommend you activate the PTB sound engine in PsychoPy prefs as the preferred audio engine. Its timing is vastly superior. Your prefs are currently set to use ['sounddevice', 'PTB', 'pyo', 'pygame'] (in that order).
4.5953 	EXP 	Created window1 = Window(allowGUI=False, allowStencil=False, autoLog=True, backendConf=UNKNOWN, bitsMode=UNKNOWN, blendMode='avg', bpc=(8, 8, 8), color=array([0, 0, 0]), colorSpace='rgb', depthBits=8, fullscr=<method-wrapper '__getattribute__' of attributeSetter object at 0x7fe418444d30>, gamma=None, gammaErrorPolicy='raise', lms=UNKNOWN, monitor=<psychopy.monitors.calibTools.Monitor object at 0x7fe418ec4f28>, multiSample=False, name='window1', numSamples=2, pos=[360.0, 225.0], screen=0, size=array([2880, 1800]), stencilBits=0, stereo=False, units='height', useFBO=True, useRetina=True, viewOri=0.0, viewPos=None, viewScale=None, waitBlanking=True, winType='pyglet')
4.5956 	EXP 	window1: mouseVisible = True
4.5956 	EXP 	window1: recordFrameIntervals = False
4.7586 	EXP 	window1: recordFrameIntervals = True
4.9429 	EXP 	window1: recordFrameIntervals = False
5.5785 	EXP 	Created text_3 = TextStim(__class__=<class 'psychopy.visual.text.TextStim'>, alignHoriz=method-wrapper(...), alignText='center', alignVert=method-wrapper(...), anchorHoriz='center', anchorVert='center', antialias=True, autoLog=True, bold=False, color=array([1., 1., 1.]), colorSpace='rgb', contrast=1.0, depth=0.0, flipHoriz=False, flipVert=False, font='Open Sans', fontFiles=[], height=0.03, italic=False, languageStyle='LTR', name='text_3', opacity=1, ori=0.0, pos=array([0., 0.]), rgb=UNKNOWN, text=str(...), units='height', win=Window(...), wrapWidth=1)
5.7768 	EXP 	window1: mouseVisible = True
5.7983 	EXP 	Created eng_proficiency = Slider(__class__=<class 'psychopy.visual.slider.Slider'>, autoDraw=False, autoLog=True, borderColor=None, color=None, colorSpace='rgb', depth=0, fillColor=None, flip=False, font='Open Sans', granularity=0.0, labelHeight=0.05, labelWrapWidth=None, labels=(10, 20, 30, 40, 50, 60, 70, 80, 90, 100), name='eng_proficiency', opacity=None, pos=(0, 0.2), readOnly=False, self=UNKNOWN, size=(1.0, 0.1), startValue=None, style=method-wrapper(...), styleTweaks=method-wrapper(...), ticks=array([ 1,  2,  3,  4,  5,  6,  7,  8,  9, 10]), units='height', win=Window(...))
5.8141 	EXP 	Created text = TextStim(__class__=<class 'psychopy.visual.text.TextStim'>, alignHoriz=method-wrapper(...), alignText='center', alignVert=method-wrapper(...), anchorHoriz='center', anchorVert='center', antialias=True, autoLog=True, bold=False, color=array([1., 1., 1.]), colorSpace='rgb', contrast=1.0, depth=-1.0, flipHoriz=False, flipVert=False, font='Open Sans', fontFiles=[], height=0.04, italic=False, languageStyle='LTR', name='text', opacity=1, ori=0.0, pos=array([ 0. , -0.3]), rgb=UNKNOWN, text=str(...), units='height', win=Window(...), wrapWidth=1)
5.8185 	EXP 	window1: mouseVisible = True
5.8329 	EXP 	Created eng_proficiency_2 = Slider(__class__=<class 'psychopy.visual.slider.Slider'>, autoDraw=False, autoLog=True, borderColor=None, color=None, colorSpace='rgb', depth=0, fillColor=None, flip=False, font='Open Sans', granularity=0.0, labelHeight=0.05, labelWrapWidth=None, labels=(1, 2, 3, 4, 5, 6, 7, 8, 9), name='eng_proficiency_2', opacity=None, pos=(0, 0.2), readOnly=False, self=UNKNOWN, size=(1.0, 0.1), startValue=None, style=method-wrapper(...), styleTweaks=method-wrapper(...), ticks=array([1, 2, 3, 4, 5, 6, 7, 8, 9]), units='height', win=Window(...))
5.8428 	EXP 	Created text_2 = TextStim(__class__=<class 'psychopy.visual.text.TextStim'>, alignHoriz=method-wrapper(...), alignText='center', alignVert=method-wrapper(...), anchorHoriz='center', anchorVert='center', antialias=True, autoLog=True, bold=False, color=array([1., 1., 1.]), colorSpace='rgb', contrast=1.0, depth=-1.0, flipHoriz=False, flipVert=False, font='Open Sans', fontFiles=[], height=0.04, italic=False, languageStyle='LTR', name='text_2', opacity=1, ori=0.0, pos=array([ 0. , -0.3]), rgb=UNKNOWN, text=str(...), units='height', win=Window(...), wrapWidth=1)
5.8500 	EXP 	eng_proficiency: autoLog = True
5.8500 	EXP 	eng_proficiency: markerPos = None
5.8500 	EXP 	eng_proficiency: rating = None
5.8500 	EXP 	eng_proficiency: markerPos = None
5.8500 	EXP 	eng_proficiency: contrast = 1.0
5.8500 	EXP 	eng_proficiency: autoLog = True
5.8500 	EXP 	eng_proficiency: styleTweaks = []
5.8500 	EXP 	eng_proficiency: style = 'rating'
5.8500 	EXP 	eng_proficiency: styleTweaks = []
5.8500 	EXP 	eng_proficiency_2: autoLog = True
5.8500 	EXP 	eng_proficiency_2: markerPos = None
5.8500 	EXP 	eng_proficiency_2: rating = None
5.8500 	EXP 	eng_proficiency_2: markerPos = None
5.8500 	EXP 	eng_proficiency_2: contrast = 1.0
5.8500 	EXP 	eng_proficiency_2: autoLog = True
5.8500 	EXP 	eng_proficiency_2: styleTweaks = []
5.8500 	EXP 	eng_proficiency_2: style = 'rating'
5.8500 	EXP 	eng_proficiency_2: styleTweaks = []
5.8500 	EXP 	text_3: autoDraw = True
7.3363 	DATA 	Keypress: space
7.3573 	EXP 	text_3: autoDraw = False
7.3573 	EXP 	eng_proficiency: markerPos = None
7.3573 	EXP 	eng_proficiency: markerPos = None
7.3573 	EXP 	eng_proficiency: rating = None
7.3573 	EXP 	eng_proficiency: autoDraw = True
7.3573 	EXP 	text: autoDraw = True
11.8415 	DATA 	Mouse: Left button down, pos=(853,612)
11.8587 	EXP 	eng_proficiency: markerPos = 6.84
11.8750 	EXP 	eng_proficiency: markerPos = 6.84
11.8917 	EXP 	eng_proficiency: markerPos = 6.84
11.9085 	EXP 	eng_proficiency: markerPos = 6.84
11.9164 	DATA 	Mouse:  Left button up, pos=(854,613)
11.9249 	EXP 	eng_proficiency: markerPos = 6.84
11.9418 	EXP 	eng_proficiency: markerPos = 6.84
11.9418 	EXP 	eng_proficiency: rating = 6.84
11.9590 	EXP 	eng_proficiency: autoDraw = False
11.9590 	EXP 	text: autoDraw = False
11.9590 	EXP 	eng_proficiency_2: markerPos = None
11.9590 	EXP 	eng_proficiency_2: markerPos = None
11.9590 	EXP 	eng_proficiency_2: rating = None
11.9590 	EXP 	eng_proficiency_2: autoDraw = True
11.9590 	EXP 	text_2: autoDraw = True
17.7757 	DATA 	Mouse: Left button down, pos=(990,632)
17.7915 	EXP 	eng_proficiency_2: markerPos = 7.4
17.8093 	EXP 	eng_proficiency_2: markerPos = 7.4
17.8253 	EXP 	eng_proficiency_2: markerPos = 7.4
17.8420 	EXP 	eng_proficiency_2: markerPos = 7.4
17.8585 	EXP 	eng_proficiency_2: markerPos = 7.4
17.8753 	EXP 	eng_proficiency_2: markerPos = 7.4
17.8926 	EXP 	eng_proficiency_2: markerPos = 7.4
17.9094 	EXP 	eng_proficiency_2: markerPos = 7.4
17.9255 	EXP 	eng_proficiency_2: markerPos = 7.4
17.9428 	EXP 	eng_proficiency_2: markerPos = 7.4
17.9589 	EXP 	eng_proficiency_2: markerPos = 7.4
17.9752 	EXP 	eng_proficiency_2: markerPos = 7.4
17.9831 	DATA 	Mouse:  Left button up, pos=(990,632)
17.9917 	EXP 	eng_proficiency_2: markerPos = 7.4
18.0089 	EXP 	eng_proficiency_2: markerPos = 7.4
18.0089 	EXP 	eng_proficiency_2: rating = 7.4
18.0255 	EXP 	eng_proficiency_2: autoDraw = False
18.0255 	EXP 	text_2: autoDraw = False
18.0646 	EXP 	window1: mouseVisible = True
