1.1549 	WARNING 	We strongly recommend you activate the PTB sound engine in PsychoPy prefs as the preferred audio engine. Its timing is vastly superior. Your prefs are currently set to use ['sounddevice', 'PTB', 'pyo', 'pygame'] (in that order).
6.0204 	EXP 	Created window1 = Window(allowGUI=False, allowStencil=False, autoLog=True, backendConf=UNKNOWN, bitsMode=UNKNOWN, blendMode='avg', bpc=(8, 8, 8), color=array([0, 0, 0]), colorSpace='rgb', depthBits=8, fullscr=<method-wrapper '__getattribute__' of attributeSetter object at 0x7f883f5b35b0>, gamma=None, gammaErrorPolicy='raise', lms=UNKNOWN, monitor=<psychopy.monitors.calibTools.Monitor object at 0x7f880cf79a30>, multiSample=False, name='window1', numSamples=2, pos=[360.0, 225.0], screen=0, size=array([2880, 1800]), stencilBits=0, stereo=False, units='height', useFBO=True, useRetina=True, viewOri=0.0, viewPos=None, viewScale=None, waitBlanking=True, winType='pyglet')
6.0206 	EXP 	window1: mouseVisible = True
6.0207 	EXP 	window1: Attempting to measure frame rate of screen (0) ...
6.0207 	EXP 	window1: recordFrameIntervals = False
6.1808 	EXP 	window1: recordFrameIntervals = True
6.3663 	EXP 	Screen (0) actual frame rate measured at 59.53Hz
6.3664 	EXP 	window1: recordFrameIntervals = False
8.3763 	EXP 	Created text_3 = TextStim(__class__=<class 'psychopy.visual.text.TextStim'>, alignHoriz=method-wrapper(...), alignText='center', alignVert=method-wrapper(...), anchorHoriz='center', anchorVert='center', antialias=True, autoDraw=False, autoLog=True, bold=False, color=array([1., 1., 1.]), colorSpace='rgb', contrast=1.0, depth=0.0, flipHoriz=False, flipVert=False, font='Open Sans', fontFiles=[], height=0.03, italic=False, languageStyle='LTR', name='text_3', opacity=1.0, ori=0.0, pos=array([0., 0.]), rgb=UNKNOWN, text=str(...), units='height', win=Window(...), wrapWidth=1)
8.3905 	EXP 	window1: mouseVisible = True
8.5188 	EXP 	Created eng_proficiency = Slider(__class__=<class 'psychopy.visual.slider.Slider'>, autoDraw=False, autoLog=True, borderColor=None, color=None, colorSpace='rgb', depth=0, fillColor=None, flip=False, font='Open Sans', granularity=0.0, labelColor=None, labelHeight=0.05, labelWrapWidth=None, labels=(10, 20, 30, 40, 50, 60, 70, 80, 90, 100), lineColor=None, markerColor=None, name='eng_proficiency', opacity=None, ori=0.0, pos=array([0. , 0.2]), readOnly=False, self=UNKNOWN, size=array([1. , 0.1]), startValue=None, style='rating', styleTweaks=[], ticks=array([ 1,  2,  3,  4,  5,  6,  7,  8,  9, 10]), units='height', win=Window(...))
8.5302 	EXP 	Created text = TextStim(__class__=<class 'psychopy.visual.text.TextStim'>, alignHoriz=method-wrapper(...), alignText='center', alignVert=method-wrapper(...), anchorHoriz='center', anchorVert='center', antialias=True, autoDraw=False, autoLog=True, bold=False, color=array([1., 1., 1.]), colorSpace='rgb', contrast=1.0, depth=-1.0, flipHoriz=False, flipVert=False, font='Open Sans', fontFiles=[], height=0.04, italic=False, languageStyle='LTR', name='text', opacity=1.0, ori=0.0, pos=array([ 0. , -0.3]), rgb=UNKNOWN, text=str(...), units='height', win=Window(...), wrapWidth=1)
8.5341 	EXP 	window1: mouseVisible = True
8.5916 	EXP 	Created eng_proficiency_2 = Slider(__class__=<class 'psychopy.visual.slider.Slider'>, autoDraw=False, autoLog=True, borderColor=None, color=None, colorSpace='rgb', depth=0, fillColor=None, flip=False, font='Open Sans', granularity=0.0, labelColor=None, labelHeight=0.05, labelWrapWidth=None, labels=(1, 2, 3, 4, 5, 6, 7, 8, 9), lineColor=None, markerColor=None, name='eng_proficiency_2', opacity=None, ori=0.0, pos=array([0. , 0.2]), readOnly=False, self=UNKNOWN, size=array([1. , 0.1]), startValue=None, style='rating', styleTweaks=[], ticks=array([1, 2, 3, 4, 5, 6, 7, 8, 9]), units='height', win=Window(...))
8.5984 	EXP 	Created text_2 = TextStim(__class__=<class 'psychopy.visual.text.TextStim'>, alignHoriz=method-wrapper(...), alignText='center', alignVert=method-wrapper(...), anchorHoriz='center', anchorVert='center', antialias=True, autoDraw=False, autoLog=True, bold=False, color=array([1., 1., 1.]), colorSpace='rgb', contrast=1.0, depth=-1.0, flipHoriz=False, flipVert=False, font='Open Sans', fontFiles=[], height=0.04, italic=False, languageStyle='LTR', name='text_2', opacity=1.0, ori=0.0, pos=array([ 0. , -0.3]), rgb=UNKNOWN, text=str(...), units='height', win=Window(...), wrapWidth=1)
8.6065 	EXP 	window1: mouseVisible = True
8.6635 	EXP 	Created accent_rating = Slider(__class__=<class 'psychopy.visual.slider.Slider'>, autoDraw=False, autoLog=True, borderColor=None, color=None, colorSpace='rgb', depth=0, fillColor=None, flip=False, font='Open Sans', granularity=0.0, labelColor=None, labelHeight=0.05, labelWrapWidth=None, labels=(1, 2, 3, 4, 5, 6, 7, 8, 9), lineColor=None, markerColor=None, name='accent_rating', opacity=None, ori=0.0, pos=array([ 0. , -0.2]), readOnly=False, self=UNKNOWN, size=array([1. , 0.1]), startValue=None, style='rating', styleTweaks=[], ticks=array([1, 2, 3, 4, 5, 6, 7, 8, 9]), units='height', win=Window(...))
8.6723 	EXP 	Created text_4 = TextStim(__class__=<class 'psychopy.visual.text.TextStim'>, alignHoriz=method-wrapper(...), alignText='center', alignVert=method-wrapper(...), anchorHoriz='center', anchorVert='center', antialias=True, autoDraw=False, autoLog=True, bold=False, color=array([1., 1., 1.]), colorSpace='rgb', contrast=1.0, depth=-1.0, flipHoriz=False, flipVert=False, font='Open Sans', fontFiles=[], height=0.03, italic=False, languageStyle='LTR', name='text_4', opacity=1.0, ori=0.0, pos=array([0. , 0.3]), rgb=UNKNOWN, text=str(...), units='height', win=Window(...), wrapWidth=1)
8.6760 	EXP 	Created text_6 = TextStim(__class__=<class 'psychopy.visual.text.TextStim'>, alignHoriz=method-wrapper(...), alignText='center', alignVert=method-wrapper(...), anchorHoriz='center', anchorVert='center', antialias=True, autoDraw=False, autoLog=True, bold=False, color=array([ 1., -1., -1.]), colorSpace='rgb', contrast=1.0, depth=-2.0, flipHoriz=False, flipVert=False, font='Open Sans', fontFiles=[], height=0.1, italic=False, languageStyle='LTR', name='text_6', opacity=1.0, ori=0.0, pos=array([0., 0.]), rgb=UNKNOWN, text='+', units='height', win=Window(...), wrapWidth=1)
8.7043 	EXP 	Sound sound_2 set volume 1.000
8.7087 	EXP 	window1: mouseVisible = True
8.7705 	EXP 	Created accent_rating_2 = Slider(__class__=<class 'psychopy.visual.slider.Slider'>, autoDraw=False, autoLog=True, borderColor=None, color=None, colorSpace='rgb', depth=0, fillColor=None, flip=False, font='Open Sans', granularity=0.0, labelColor=None, labelHeight=0.05, labelWrapWidth=None, labels=(1, 2, 3, 4, 5, 6, 7, 8, 9), lineColor=None, markerColor=None, name='accent_rating_2', opacity=None, ori=0.0, pos=array([ 0. , -0.2]), readOnly=False, self=UNKNOWN, size=array([1. , 0.1]), startValue=None, style='rating', styleTweaks=[], ticks=array([1, 2, 3, 4, 5, 6, 7, 8, 9]), units='height', win=Window(...))
8.7871 	EXP 	Created text_5 = TextStim(__class__=<class 'psychopy.visual.text.TextStim'>, alignHoriz=method-wrapper(...), alignText='center', alignVert=method-wrapper(...), anchorHoriz='center', anchorVert='center', antialias=True, autoDraw=False, autoLog=True, bold=False, color=array([1., 1., 1.]), colorSpace='rgb', contrast=1.0, depth=-1.0, flipHoriz=False, flipVert=False, font='Open Sans', fontFiles=[], height=0.03, italic=False, languageStyle='LTR', name='text_5', opacity=1.0, ori=0.0, pos=array([0. , 0.3]), rgb=UNKNOWN, text=str(...), units='height', win=Window(...), wrapWidth=1)
8.7887 	EXP 	Created text_7 = TextStim(__class__=<class 'psychopy.visual.text.TextStim'>, alignHoriz=method-wrapper(...), alignText='center', alignVert=method-wrapper(...), anchorHoriz='center', anchorVert='center', antialias=True, autoDraw=False, autoLog=True, bold=False, color=array([ 1., -1., -1.]), colorSpace='rgb', contrast=1.0, depth=-2.0, flipHoriz=False, flipVert=False, font='Open Sans', fontFiles=[], height=0.1, italic=False, languageStyle='LTR', name='text_7', opacity=1.0, ori=0.0, pos=array([0., 0.]), rgb=UNKNOWN, text='+', units='height', win=Window(...), wrapWidth=1)
8.7887 	EXP 	Sound sound_1 set volume 1.000
8.8026 	EXP 	eng_proficiency: autoLog = True
8.8026 	EXP 	eng_proficiency: markerPos = None
8.8026 	EXP 	eng_proficiency: styleTweaks = []
8.8026 	EXP 	eng_proficiency: styleTweaks = []
8.8026 	EXP 	eng_proficiency: styleTweaks = []
8.8026 	EXP 	eng_proficiency: styleTweaks = []
8.8026 	EXP 	eng_proficiency: contrast = 1.0
8.8026 	EXP 	eng_proficiency: autoLog = True
8.8026 	EXP 	eng_proficiency_2: autoLog = True
8.8026 	EXP 	eng_proficiency_2: markerPos = None
8.8026 	EXP 	eng_proficiency_2: styleTweaks = []
8.8026 	EXP 	eng_proficiency_2: styleTweaks = []
8.8026 	EXP 	eng_proficiency_2: styleTweaks = []
8.8026 	EXP 	eng_proficiency_2: styleTweaks = []
8.8026 	EXP 	eng_proficiency_2: contrast = 1.0
8.8026 	EXP 	eng_proficiency_2: autoLog = True
8.8026 	EXP 	accent_rating: autoLog = True
8.8026 	EXP 	accent_rating: markerPos = None
8.8026 	EXP 	accent_rating: styleTweaks = []
8.8026 	EXP 	accent_rating: styleTweaks = []
8.8026 	EXP 	accent_rating: styleTweaks = []
8.8026 	EXP 	accent_rating: styleTweaks = []
8.8026 	EXP 	accent_rating: contrast = 1.0
8.8026 	EXP 	accent_rating: autoLog = True
8.8026 	EXP 	accent_rating_2: autoLog = True
8.8026 	EXP 	accent_rating_2: markerPos = None
8.8026 	EXP 	accent_rating_2: styleTweaks = []
8.8026 	EXP 	accent_rating_2: styleTweaks = []
8.8026 	EXP 	accent_rating_2: styleTweaks = []
8.8026 	EXP 	accent_rating_2: styleTweaks = []
8.8026 	EXP 	accent_rating_2: contrast = 1.0
8.8026 	EXP 	accent_rating_2: autoLog = True
8.8026 	EXP 	text_3: autoDraw = True
10.0299 	DATA 	Keypress: space
10.0585 	EXP 	text_3: autoDraw = False
10.0585 	EXP 	eng_proficiency: markerPos = None
10.0585 	EXP 	eng_proficiency: markerPos = None
10.0585 	EXP 	eng_proficiency: autoDraw = True
10.0585 	EXP 	text: autoDraw = True
10.5589 	DATA 	Mouse: Left button down, pos=(766,434)
10.6653 	DATA 	Mouse:  Left button up, pos=(770,440)
10.9579 	DATA 	Mouse: Left button down, pos=(825,596)
11.0478 	DATA 	Mouse:  Left button up, pos=(826,599)
11.4153 	DATA 	Mouse: Left button down, pos=(845,625)
11.5079 	DATA 	Mouse:  Left button up, pos=(845,625)
11.8925 	DATA 	Mouse: Left button down, pos=(866,627)
12.0487 	DATA 	Mouse:  Left button up, pos=(866,627)
12.2488 	DATA 	Mouse: Left button down, pos=(866,627)
12.3816 	DATA 	Mouse:  Left button up, pos=(866,627)
12.6743 	DATA 	Mouse: Left button down, pos=(866,627)
12.7740 	DATA 	Mouse:  Left button up, pos=(866,627)
12.9245 	DATA 	Mouse: Left button down, pos=(866,627)
13.0486 	DATA 	Mouse:  Left button up, pos=(866,627)
13.1488 	DATA 	Mouse: Left button down, pos=(866,627)
13.2579 	DATA 	Mouse:  Left button up, pos=(866,627)
13.3241 	DATA 	Mouse: Left button down, pos=(866,627)
13.4244 	DATA 	Mouse:  Left button up, pos=(866,626)
13.4812 	DATA 	Mouse: Left button down, pos=(866,623)
13.5486 	DATA 	Mouse:  Left button up, pos=(866,622)
13.5912 	DATA 	Mouse: Left button down, pos=(866,622)
13.6658 	DATA 	Mouse:  Left button up, pos=(866,622)
13.7242 	DATA 	Mouse: Left button down, pos=(866,622)
13.9248 	DATA 	Mouse:  Left button up, pos=(874,623)
14.1413 	DATA 	Mouse: Left button down, pos=(874,623)
14.2654 	DATA 	Mouse:  Left button up, pos=(874,623)
14.3488 	DATA 	Mouse: Left button down, pos=(874,623)
14.4409 	DATA 	Mouse:  Left button up, pos=(874,623)
14.5076 	DATA 	Mouse: Left button down, pos=(874,623)
14.5906 	DATA 	Mouse:  Left button up, pos=(874,623)
14.8718 	DATA 	Mouse: Left button down, pos=(985,654)
14.9487 	DATA 	Mouse:  Left button up, pos=(986,654)
15.0317 	DATA 	Mouse: Left button down, pos=(986,654)
15.0988 	DATA 	Mouse:  Left button up, pos=(986,654)
15.1578 	DATA 	Mouse: Left button down, pos=(986,654)
15.1912 	DATA 	Mouse:  Left button up, pos=(986,654)
15.2656 	DATA 	Mouse: Left button down, pos=(986,649)
15.3245 	DATA 	Mouse:  Left button up, pos=(986,648)
15.3989 	DATA 	Mouse: Left button down, pos=(986,645)
15.4579 	DATA 	Mouse:  Left button up, pos=(986,645)
15.5251 	DATA 	Mouse: Left button down, pos=(986,642)
15.5912 	DATA 	Mouse:  Left button up, pos=(986,642)
15.6579 	DATA 	Mouse: Left button down, pos=(985,642)
15.7156 	DATA 	Mouse:  Left button up, pos=(985,642)
15.7819 	DATA 	Mouse: Left button down, pos=(985,642)
15.8409 	DATA 	Mouse:  Left button up, pos=(985,642)
15.9158 	DATA 	Mouse: Left button down, pos=(985,642)
15.9820 	DATA 	Mouse:  Left button up, pos=(985,642)
16.0407 	DATA 	Mouse: Left button down, pos=(985,642)
16.0821 	DATA 	Mouse:  Left button up, pos=(985,642)
16.1743 	DATA 	Mouse: Left button down, pos=(984,641)
16.2155 	DATA 	Mouse:  Left button up, pos=(984,641)
16.4991 	DATA 	Mouse: Left button down, pos=(980,640)
16.5652 	DATA 	Mouse:  Left button up, pos=(980,640)
16.6410 	DATA 	Mouse: Left button down, pos=(980,640)
16.7079 	DATA 	Mouse:  Left button up, pos=(980,640)
17.1914 	DATA 	Mouse: Left button down, pos=(962,631)
17.2651 	DATA 	Mouse:  Left button up, pos=(961,631)
17.4656 	DATA 	Mouse: Left button down, pos=(961,631)
17.5911 	DATA 	Mouse:  Left button up, pos=(961,631)
17.6750 	DATA 	Mouse: Left button down, pos=(961,631)
17.7823 	DATA 	Mouse:  Left button up, pos=(961,631)
17.8579 	DATA 	Mouse: Left button down, pos=(961,631)
17.9654 	DATA 	Mouse:  Left button up, pos=(961,631)
18.0410 	DATA 	Mouse: Left button down, pos=(961,631)
18.1489 	DATA 	Mouse:  Left button up, pos=(961,631)
18.2245 	DATA 	Mouse: Left button down, pos=(961,631)
18.5322 	DATA 	Mouse:  Left button up, pos=(961,631)
20.7577 	DATA 	Mouse: Left button down, pos=(961,631)
20.9080 	DATA 	Mouse:  Left button up, pos=(961,631)
20.9657 	DATA 	Mouse: Left button down, pos=(961,631)
21.0823 	DATA 	Mouse:  Left button up, pos=(961,631)
21.1323 	DATA 	Mouse: Left button down, pos=(961,631)
21.2345 	DATA 	Mouse:  Left button up, pos=(961,631)
21.2887 	DATA 	Mouse: Left button down, pos=(961,631)
21.3746 	DATA 	Mouse:  Left button up, pos=(961,631)
21.4350 	DATA 	Mouse: Left button down, pos=(961,631)
21.5242 	DATA 	Mouse:  Left button up, pos=(961,631)
21.7077 	DATA 	Mouse: Left button down, pos=(945,593)
21.8323 	DATA 	Mouse:  Left button up, pos=(945,592)
22.0485 	DATA 	Mouse: Left button down, pos=(936,554)
22.0656 	EXP 	eng_proficiency: markerPos = 9.819999903440475
22.0825 	EXP 	eng_proficiency: markerPos = 9.819999903440475
22.0999 	EXP 	eng_proficiency: markerPos = 9.819999903440475
22.1165 	EXP 	eng_proficiency: markerPos = 9.819999903440475
22.1334 	EXP 	eng_proficiency: markerPos = 9.819999903440475
22.1502 	EXP 	eng_proficiency: markerPos = 9.819999903440475
22.1664 	EXP 	eng_proficiency: markerPos = 9.819999903440475
22.1826 	EXP 	eng_proficiency: markerPos = 9.819999903440475
22.1999 	EXP 	eng_proficiency: markerPos = 9.819999903440475
22.2167 	EXP 	eng_proficiency: markerPos = 9.819999903440475
22.2336 	EXP 	eng_proficiency: markerPos = 9.819999903440475
22.2457 	DATA 	Mouse:  Left button up, pos=(936,554)
22.2501 	EXP 	eng_proficiency: markerPos = 9.819999903440475
22.2665 	EXP 	eng_proficiency: markerPos = 9.819999903440475
22.2936 	EXP 	eng_proficiency: autoDraw = False
22.2936 	EXP 	text: autoDraw = False
22.2936 	EXP 	eng_proficiency_2: markerPos = None
22.2936 	EXP 	eng_proficiency_2: markerPos = None
22.2936 	EXP 	eng_proficiency_2: autoDraw = True
22.2936 	EXP 	text_2: autoDraw = True
22.9324 	DATA 	Mouse: Left button down, pos=(915,628)
23.0822 	DATA 	Mouse:  Left button up, pos=(915,629)
23.3236 	DATA 	Mouse: Left button down, pos=(961,629)
23.4324 	DATA 	Mouse:  Left button up, pos=(961,628)
23.4902 	DATA 	Mouse: Left button down, pos=(961,628)
23.5736 	DATA 	Mouse:  Left button up, pos=(961,628)
23.6320 	DATA 	Mouse: Left button down, pos=(961,628)
23.7072 	DATA 	Mouse:  Left button up, pos=(961,628)
23.7573 	DATA 	Mouse: Left button down, pos=(961,628)
23.8403 	DATA 	Mouse:  Left button up, pos=(961,628)
23.8903 	DATA 	Mouse: Left button down, pos=(961,628)
23.9656 	DATA 	Mouse:  Left button up, pos=(961,628)
24.0236 	DATA 	Mouse: Left button down, pos=(961,628)
24.0989 	DATA 	Mouse:  Left button up, pos=(961,628)
24.1404 	DATA 	Mouse: Left button down, pos=(961,628)
24.3325 	DATA 	Mouse:  Left button up, pos=(961,628)
24.3991 	DATA 	Mouse: Left button down, pos=(961,628)
24.4734 	DATA 	Mouse:  Left button up, pos=(961,628)
24.5157 	DATA 	Mouse: Left button down, pos=(961,628)
24.7155 	DATA 	Mouse:  Left button up, pos=(961,613)
24.9491 	DATA 	Mouse: Left button down, pos=(964,592)
25.1160 	DATA 	Mouse:  Left button up, pos=(964,592)
25.2249 	DATA 	Mouse: Left button down, pos=(964,535)
25.2508 	EXP 	eng_proficiency_2: markerPos = 9.337777614593506
25.2708 	EXP 	eng_proficiency_2: markerPos = 9.337777614593506
25.2870 	EXP 	eng_proficiency_2: markerPos = 9.337777614593506
25.3031 	EXP 	eng_proficiency_2: markerPos = 9.337777614593506
25.3191 	EXP 	eng_proficiency_2: markerPos = 9.337777614593506
25.3351 	EXP 	eng_proficiency_2: markerPos = 9.337777614593506
25.3473 	DATA 	Mouse:  Left button up, pos=(964,533)
25.3516 	EXP 	eng_proficiency_2: markerPos = 9.337777614593506
25.3679 	EXP 	eng_proficiency_2: markerPos = 9
25.3829 	EXP 	Imported cond_file.csv as conditions, 78 conditions, 1 params
25.3847 	EXP 	Created sequence: random, trialTypes=78, nReps=1, seed=None
25.3849 	EXP 	New trial (rep=0, index=0): OrderedDict([('stim', '479904_sentence_2.wav')])
25.4166 	EXP 	eng_proficiency_2: autoDraw = False
25.4166 	EXP 	text_2: autoDraw = False
25.4166 	EXP 	accent_rating: markerPos = None
25.4166 	EXP 	accent_rating: markerPos = None
25.4166 	EXP 	text_6: autoDraw = True
25.5672 	DATA 	Mouse: Left button down, pos=(922,541)
25.6504 	DATA 	Mouse:  Left button up, pos=(922,541)
25.9057 	EXP 	accent_rating: autoDraw = True
25.9057 	EXP 	text_4: autoDraw = True
25.9197 	EXP 	text_6: autoDraw = False
27.7243 	DATA 	Mouse: Left button down, pos=(853,281)
27.8494 	DATA 	Mouse:  Left button up, pos=(853,280)
28.2241 	DATA 	Mouse: Left button down, pos=(818,265)
28.3652 	DATA 	Mouse:  Left button up, pos=(817,265)
28.5573 	DATA 	Mouse: Left button down, pos=(817,265)
28.7072 	DATA 	Mouse:  Left button up, pos=(817,265)
28.7817 	DATA 	Mouse: Left button down, pos=(817,265)
28.8904 	DATA 	Mouse:  Left button up, pos=(817,265)
28.9407 	DATA 	Mouse: Left button down, pos=(817,265)
29.1908 	DATA 	Mouse:  Left button up, pos=(817,265)
29.2325 	DATA 	Mouse: Left button down, pos=(817,265)
29.3156 	DATA 	Mouse:  Left button up, pos=(817,265)
29.4404 	DATA 	Mouse: Left button down, pos=(870,273)
29.6157 	DATA 	Mouse:  Left button up, pos=(883,273)
29.7075 	DATA 	Mouse: Left button down, pos=(888,273)
29.8406 	DATA 	Mouse:  Left button up, pos=(888,273)
30.0238 	DATA 	Mouse: Left button down, pos=(888,273)
30.1485 	DATA 	Mouse:  Left button up, pos=(892,273)
30.1907 	DATA 	Mouse: Left button down, pos=(892,272)
30.3157 	DATA 	Mouse:  Left button up, pos=(893,272)
31.0406 	DATA 	Mouse: Left button down, pos=(857,261)
31.2408 	DATA 	Mouse:  Left button up, pos=(857,261)
31.4325 	DATA 	Mouse: Left button down, pos=(860,262)
31.5824 	DATA 	Mouse:  Left button up, pos=(860,262)
31.8743 	DATA 	Mouse: Left button down, pos=(845,170)
32.0407 	DATA 	Mouse:  Left button up, pos=(844,167)
32.1579 	DATA 	Mouse: Left button down, pos=(837,160)
32.2574 	DATA 	Mouse:  Left button up, pos=(835,158)
32.3658 	DATA 	Mouse: Left button down, pos=(835,158)
32.7907 	DATA 	Mouse:  Left button up, pos=(835,218)
32.8325 	DATA 	Mouse: Left button down, pos=(834,218)
32.9989 	DATA 	Mouse:  Left button up, pos=(834,218)
33.0326 	DATA 	Mouse: Left button down, pos=(834,218)
33.1908 	DATA 	Mouse:  Left button up, pos=(834,218)
33.8242 	DATA 	Mouse: Left button down, pos=(709,249)
33.9909 	DATA 	Mouse:  Left button up, pos=(708,249)
34.2156 	DATA 	Mouse: Left button down, pos=(707,201)
34.3573 	DATA 	Mouse:  Left button up, pos=(707,199)
34.4991 	DATA 	Mouse: Left button down, pos=(707,180)
34.6739 	DATA 	Mouse:  Left button up, pos=(707,179)
34.9155 	DATA 	Mouse: Left button down, pos=(725,177)
35.0575 	DATA 	Mouse:  Left button up, pos=(725,177)
35.1072 	DATA 	Mouse: Left button down, pos=(725,177)
35.2238 	DATA 	Mouse:  Left button up, pos=(725,177)
35.2741 	DATA 	Mouse: Left button down, pos=(725,177)
35.4079 	DATA 	Mouse:  Left button up, pos=(727,177)
35.5494 	DATA 	Mouse: Left button down, pos=(1035,316)
35.7239 	DATA 	Mouse:  Left button up, pos=(1051,318)
35.8073 	DATA 	Mouse: Left button down, pos=(1051,318)
35.9659 	DATA 	Mouse:  Left button up, pos=(1051,318)
36.0984 	DATA 	Mouse: Left button down, pos=(1044,308)
36.3159 	DATA 	Mouse:  Left button up, pos=(1045,307)
36.6494 	DATA 	Mouse: Left button down, pos=(1036,282)
36.9163 	DATA 	Mouse:  Left button up, pos=(1035,281)
36.9575 	DATA 	Mouse: Right button down, pos=(1035,281)
37.1161 	DATA 	Mouse:  Right button up, pos=(1029,281)
37.2493 	DATA 	Mouse: Left button down, pos=(1029,281)
37.3661 	DATA 	Mouse:  Left button up, pos=(1029,281)
37.4649 	DATA 	Mouse: Left button down, pos=(1029,281)
37.6076 	DATA 	Mouse:  Left button up, pos=(1029,281)
37.6827 	DATA 	Mouse: Left button down, pos=(1029,281)
37.8240 	DATA 	Mouse:  Left button up, pos=(1029,281)
37.8826 	DATA 	Mouse: Left button down, pos=(1029,281)
37.9992 	DATA 	Mouse:  Left button up, pos=(1029,281)
38.0577 	DATA 	Mouse: Left button down, pos=(1029,281)
38.1902 	DATA 	Mouse:  Left button up, pos=(1029,281)
38.4489 	DATA 	Mouse: Left button down, pos=(1020,243)
38.5240 	DATA 	Mouse:  Left button up, pos=(1019,242)
38.8162 	DATA 	Mouse: Left button down, pos=(1019,242)
38.9327 	DATA 	Mouse:  Left button up, pos=(1019,242)
39.0161 	DATA 	Mouse: Left button down, pos=(1019,242)
39.1329 	DATA 	Mouse:  Left button up, pos=(1019,242)
39.2327 	DATA 	Mouse: Left button down, pos=(1019,242)
39.3494 	DATA 	Mouse:  Left button up, pos=(1019,242)
39.6994 	DATA 	Mouse: Left button down, pos=(1052,278)
39.8074 	DATA 	Mouse:  Left button up, pos=(1052,279)
39.8908 	DATA 	Mouse: Left button down, pos=(1052,279)
39.9913 	DATA 	Mouse:  Left button up, pos=(1052,279)
40.0840 	DATA 	Mouse: Left button down, pos=(1052,276)
40.1725 	DATA 	Mouse:  Left button up, pos=(1052,276)
40.2634 	DATA 	Mouse: Left button down, pos=(1052,261)
40.3489 	DATA 	Mouse:  Left button up, pos=(1052,260)
40.4491 	DATA 	Mouse: Left button down, pos=(1049,255)
40.5159 	DATA 	Mouse:  Left button up, pos=(1048,255)
40.6830 	DATA 	Mouse: Left button down, pos=(974,251)
40.7743 	DATA 	Mouse:  Left button up, pos=(973,251)
40.8411 	DATA 	Mouse: Left button down, pos=(973,251)
40.9575 	DATA 	Mouse:  Left button up, pos=(973,251)
41.0830 	DATA 	Mouse: Left button down, pos=(973,230)
41.1910 	DATA 	Mouse:  Left button up, pos=(973,229)
41.2739 	DATA 	Mouse: Left button down, pos=(973,215)
41.3990 	DATA 	Mouse:  Left button up, pos=(973,214)
41.4494 	DATA 	Mouse: Left button down, pos=(973,214)
41.6244 	DATA 	Mouse:  Left button up, pos=(973,214)
41.8742 	DATA 	Mouse: Left button down, pos=(971,218)
42.3328 	DATA 	Mouse:  Left button up, pos=(839,223)
44.1244 	DATA 	Mouse: Left button down, pos=(672,246)
44.4163 	DATA 	Mouse:  Left button up, pos=(672,246)
44.5828 	DATA 	Mouse: Left button down, pos=(672,246)
44.7400 	DATA 	Mouse:  Left button up, pos=(672,246)
44.8908 	DATA 	Mouse: Left button down, pos=(672,246)
45.1160 	DATA 	Mouse:  Left button up, pos=(672,246)
46.0408 	DATA 	Mouse: Left button down, pos=(722,268)
46.1994 	DATA 	Mouse:  Left button up, pos=(722,268)
46.2574 	DATA 	Mouse: Left button down, pos=(722,268)
46.3495 	DATA 	Mouse:  Left button up, pos=(722,268)
46.4245 	DATA 	Mouse: Left button down, pos=(722,268)
46.5079 	DATA 	Mouse:  Left button up, pos=(722,268)
46.5746 	DATA 	Mouse: Left button down, pos=(722,268)
46.6661 	DATA 	Mouse:  Left button up, pos=(722,268)
47.0769 	DATA 	Keypress: escape
47.9022 	EXP 	window1: mouseVisible = True
