0.7068 	WARNING 	We strongly recommend you activate the PTB sound engine in PsychoPy prefs as the preferred audio engine. Its timing is vastly superior. Your prefs are currently set to use ['sounddevice', 'PTB', 'pyo', 'pygame'] (in that order).
18.1495 	EXP 	Created window1 = Window(allowGUI=False, allowStencil=False, autoLog=True, backendConf=UNKNOWN, bitsMode=UNKNOWN, blendMode='avg', bpc=(8, 8, 8), color=array([0, 0, 0]), colorSpace='rgb', depthBits=8, fullscr=<method-wrapper '__getattribute__' of attributeSetter object at 0x7fba5a9a2b00>, gamma=None, gammaErrorPolicy='raise', lms=UNKNOWN, monitor=<psychopy.monitors.calibTools.Monitor object at 0x7fba59a58240>, multiSample=False, name='window1', numSamples=2, pos=[360.0, 225.0], screen=0, size=array([2880, 1800]), stencilBits=0, stereo=False, units='height', useFBO=True, useRetina=True, viewOri=0.0, viewPos=None, viewScale=None, waitBlanking=True, winType='pyglet')
18.1497 	EXP 	window1: mouseVisible = True
18.1497 	EXP 	window1: recordFrameIntervals = False
18.3162 	EXP 	window1: recordFrameIntervals = True
18.4997 	EXP 	window1: recordFrameIntervals = False
19.3795 	EXP 	Created text_3 = TextStim(__class__=<class 'psychopy.visual.text.TextStim'>, alignHoriz=method-wrapper(...), alignText='center', alignVert=method-wrapper(...), anchorHoriz='center', anchorVert='center', antialias=True, autoLog=True, bold=False, color=array([1., 1., 1.]), colorSpace='rgb', contrast=1.0, depth=0.0, flipHoriz=False, flipVert=False, font='Open Sans', fontFiles=[], height=0.03, italic=False, languageStyle='LTR', name='text_3', opacity=1, ori=0.0, pos=array([0., 0.]), rgb=UNKNOWN, text=str(...), units='height', win=Window(...), wrapWidth=1)
19.6016 	EXP 	window1: mouseVisible = True
19.6263 	EXP 	Created eng_proficiency = Slider(__class__=<class 'psychopy.visual.slider.Slider'>, autoDraw=False, autoLog=True, borderColor=None, color=None, colorSpace='rgb', depth=0, fillColor=None, flip=False, font='Open Sans', granularity=0.0, labelHeight=0.05, labelWrapWidth=None, labels=(10, 20, 30, 40, 50, 60, 70, 80, 90, 100), name='eng_proficiency', opacity=None, pos=(0, 0.2), readOnly=False, self=UNKNOWN, size=(1.0, 0.1), startValue=None, style=method-wrapper(...), styleTweaks=method-wrapper(...), ticks=array([ 1,  2,  3,  4,  5,  6,  7,  8,  9, 10]), units='height', win=Window(...))
19.6441 	EXP 	Created text = TextStim(__class__=<class 'psychopy.visual.text.TextStim'>, alignHoriz=method-wrapper(...), alignText='center', alignVert=method-wrapper(...), anchorHoriz='center', anchorVert='center', antialias=True, autoLog=True, bold=False, color=array([1., 1., 1.]), colorSpace='rgb', contrast=1.0, depth=-1.0, flipHoriz=False, flipVert=False, font='Open Sans', fontFiles=[], height=0.04, italic=False, languageStyle='LTR', name='text', opacity=1, ori=0.0, pos=array([ 0. , -0.3]), rgb=UNKNOWN, text=str(...), units='height', win=Window(...), wrapWidth=1)
19.6488 	EXP 	window1: mouseVisible = True
19.6689 	EXP 	Created eng_proficiency_2 = Slider(__class__=<class 'psychopy.visual.slider.Slider'>, autoDraw=False, autoLog=True, borderColor=None, color=None, colorSpace='rgb', depth=0, fillColor=None, flip=False, font='Open Sans', granularity=0.0, labelHeight=0.05, labelWrapWidth=None, labels=(1, 2, 3, 4, 5, 6, 7, 8, 9), name='eng_proficiency_2', opacity=None, pos=(0, 0.2), readOnly=False, self=UNKNOWN, size=(1.0, 0.1), startValue=None, style=method-wrapper(...), styleTweaks=method-wrapper(...), ticks=array([1, 2, 3, 4, 5, 6, 7, 8, 9]), units='height', win=Window(...))
19.6797 	EXP 	Created text_2 = TextStim(__class__=<class 'psychopy.visual.text.TextStim'>, alignHoriz=method-wrapper(...), alignText='center', alignVert=method-wrapper(...), anchorHoriz='center', anchorVert='center', antialias=True, autoLog=True, bold=False, color=array([1., 1., 1.]), colorSpace='rgb', contrast=1.0, depth=-1.0, flipHoriz=False, flipVert=False, font='Open Sans', fontFiles=[], height=0.04, italic=False, languageStyle='LTR', name='text_2', opacity=1, ori=0.0, pos=array([ 0. , -0.3]), rgb=UNKNOWN, text=str(...), units='height', win=Window(...), wrapWidth=1)
19.6842 	EXP 	window1: mouseVisible = True
19.6972 	EXP 	Created accent_rating = Slider(__class__=<class 'psychopy.visual.slider.Slider'>, autoDraw=False, autoLog=True, borderColor=None, color=None, colorSpace='rgb', depth=0, fillColor=None, flip=False, font='Open Sans', granularity=0.0, labelHeight=0.05, labelWrapWidth=None, labels=(1, 2, 3, 4, 5, 6, 7, 8, 9), name='accent_rating', opacity=None, pos=(0, 0.2), readOnly=False, self=UNKNOWN, size=(1.0, 0.1), startValue=None, style=method-wrapper(...), styleTweaks=method-wrapper(...), ticks=array([1, 2, 3, 4, 5, 6, 7, 8, 9]), units='height', win=Window(...))
19.7103 	EXP 	Created text_4 = TextStim(__class__=<class 'psychopy.visual.text.TextStim'>, alignHoriz=method-wrapper(...), alignText='center', alignVert=method-wrapper(...), anchorHoriz='center', anchorVert='center', antialias=True, autoLog=True, bold=False, color=array([1., 1., 1.]), colorSpace='rgb', contrast=1.0, depth=-1.0, flipHoriz=False, flipVert=False, font='Open Sans', fontFiles=[], height=0.04, italic=False, languageStyle='LTR', name='text_4', opacity=1, ori=0.0, pos=array([ 0. , -0.3]), rgb=UNKNOWN, text=str(...), units='height', win=Window(...), wrapWidth=1)
19.7236 	EXP 	eng_proficiency: autoLog = True
19.7236 	EXP 	eng_proficiency: markerPos = None
19.7236 	EXP 	eng_proficiency: rating = None
19.7236 	EXP 	eng_proficiency: markerPos = None
19.7236 	EXP 	eng_proficiency: contrast = 1.0
19.7236 	EXP 	eng_proficiency: autoLog = True
19.7236 	EXP 	eng_proficiency: styleTweaks = []
19.7236 	EXP 	eng_proficiency: style = 'rating'
19.7236 	EXP 	eng_proficiency: styleTweaks = []
19.7236 	EXP 	eng_proficiency_2: autoLog = True
19.7236 	EXP 	eng_proficiency_2: markerPos = None
19.7236 	EXP 	eng_proficiency_2: rating = None
19.7236 	EXP 	eng_proficiency_2: markerPos = None
19.7236 	EXP 	eng_proficiency_2: contrast = 1.0
19.7236 	EXP 	eng_proficiency_2: autoLog = True
19.7236 	EXP 	eng_proficiency_2: styleTweaks = []
19.7236 	EXP 	eng_proficiency_2: style = 'rating'
19.7236 	EXP 	eng_proficiency_2: styleTweaks = []
19.7236 	EXP 	accent_rating: autoLog = True
19.7236 	EXP 	accent_rating: markerPos = None
19.7236 	EXP 	accent_rating: rating = None
19.7236 	EXP 	accent_rating: markerPos = None
19.7236 	EXP 	accent_rating: contrast = 1.0
19.7236 	EXP 	accent_rating: autoLog = True
19.7236 	EXP 	accent_rating: styleTweaks = []
19.7236 	EXP 	accent_rating: style = 'rating'
19.7236 	EXP 	accent_rating: styleTweaks = []
19.7236 	EXP 	text_3: autoDraw = True
21.7135 	DATA 	Keypress: space
21.7359 	EXP 	text_3: autoDraw = False
21.7359 	EXP 	eng_proficiency: markerPos = None
21.7359 	EXP 	eng_proficiency: markerPos = None
21.7359 	EXP 	eng_proficiency: rating = None
21.7359 	EXP 	eng_proficiency: autoDraw = True
21.7359 	EXP 	text: autoDraw = True
22.6000 	DATA 	Mouse: Left button down, pos=(682,630)
22.6159 	EXP 	eng_proficiency: markerPos = 5.140000000000001
22.6326 	EXP 	eng_proficiency: markerPos = 5.140000000000001
22.6493 	EXP 	eng_proficiency: markerPos = 5.140000000000001
22.6663 	EXP 	eng_proficiency: markerPos = 5.140000000000001
22.6829 	EXP 	eng_proficiency: markerPos = 5.140000000000001
22.6834 	DATA 	Mouse:  Left button up, pos=(684,630)
22.6993 	EXP 	eng_proficiency: markerPos = 5.140000000000001
22.6993 	EXP 	eng_proficiency: rating = 5.140000000000001
22.7163 	EXP 	eng_proficiency: autoDraw = False
22.7163 	EXP 	text: autoDraw = False
22.7163 	EXP 	eng_proficiency_2: markerPos = None
22.7163 	EXP 	eng_proficiency_2: markerPos = None
22.7163 	EXP 	eng_proficiency_2: rating = None
22.7163 	EXP 	eng_proficiency_2: autoDraw = True
22.7163 	EXP 	text_2: autoDraw = True
23.1057 	DATA 	Mouse: Left button down, pos=(716,629)
23.1331 	EXP 	eng_proficiency_2: markerPos = 4.973333333333333
23.1497 	EXP 	eng_proficiency_2: markerPos = 4.973333333333333
23.1666 	EXP 	eng_proficiency_2: markerPos = 4.973333333333333
23.1814 	EXP 	eng_proficiency_2: markerPos = 4.973333333333333
23.1819 	DATA 	Mouse:  Left button up, pos=(717,629)
23.1994 	EXP 	eng_proficiency_2: markerPos = 4.973333333333333
23.1994 	EXP 	eng_proficiency_2: rating = 4.973333333333333
23.2168 	EXP 	eng_proficiency_2: autoDraw = False
23.2168 	EXP 	text_2: autoDraw = False
23.2168 	EXP 	accent_rating: markerPos = None
23.2168 	EXP 	accent_rating: markerPos = None
23.2168 	EXP 	accent_rating: rating = None
23.2168 	EXP 	accent_rating: autoDraw = True
23.2168 	EXP 	text_4: autoDraw = True
27.4842 	DATA 	Keypress: escape
27.6274 	EXP 	window1: mouseVisible = True
