0.7075 	WARNING 	We strongly recommend you activate the PTB sound engine in PsychoPy prefs as the preferred audio engine. Its timing is vastly superior. Your prefs are currently set to use ['sounddevice', 'PTB', 'pyo', 'pygame'] (in that order).
6.4698 	WARNING 	User requested fullscreen with size [1024  768], but screen is actually [1440, 900]. Using actual size
7.0391 	EXP 	Created window1 = Window(allowGUI=False, allowStencil=False, autoLog=True, backendConf=UNKNOWN, bitsMode=UNKNOWN, blendMode='avg', bpc=(8, 8, 8), color=array([0, 0, 0]), colorSpace='rgb', depthBits=8, fullscr=<method-wrapper '__getattribute__' of attributeSetter object at 0x7f92eec4ca90>, gamma=None, gammaErrorPolicy='raise', lms=UNKNOWN, monitor=<psychopy.monitors.calibTools.Monitor object at 0x7f92edd02a58>, multiSample=False, name='window1', numSamples=2, pos=[360.0, 225.0], screen=0, size=array([2880, 1800]), stencilBits=0, stereo=False, units='height', useFBO=True, useRetina=True, viewOri=0.0, viewPos=None, viewScale=None, waitBlanking=True, winType='pyglet')
7.0393 	EXP 	window1: mouseVisible = True
7.0393 	EXP 	window1: recordFrameIntervals = False
7.2046 	EXP 	window1: recordFrameIntervals = True
7.3885 	EXP 	window1: recordFrameIntervals = False
7.9773 	EXP 	window1: mouseVisible = True
8.0175 	EXP 	Created eng_proficiency = Slider(__class__=<class 'psychopy.visual.slider.Slider'>, autoDraw=False, autoLog=True, borderColor=None, color=None, colorSpace='rgb', depth=0, fillColor=None, flip=False, font='Open Sans', granularity=0.0, labelHeight=0.05, labelWrapWidth=None, labels=(1, 2, 3, 4, 5, 6, 7, 8, 9), name='eng_proficiency', opacity=None, pos=(0, 0), readOnly=False, self=UNKNOWN, size=(1.0, 0.1), startValue=None, style=method-wrapper(...), styleTweaks=method-wrapper(...), ticks=array([1, 2, 3, 4, 5, 6, 7, 8, 9]), units='height', win=Window(...))
8.0354 	EXP 	Created text = TextStim(__class__=<class 'psychopy.visual.text.TextStim'>, alignHoriz=method-wrapper(...), alignText='center', alignVert=method-wrapper(...), anchorHoriz='center', anchorVert='center', antialias=True, autoLog=True, bold=False, color=array([1., 1., 1.]), colorSpace='rgb', contrast=1.0, depth=-1.0, flipHoriz=False, flipVert=False, font='Open Sans', fontFiles=[], height=0.04, italic=False, languageStyle='LTR', name='text', opacity=1, ori=0.0, pos=array([ 0. , -0.5]), rgb=UNKNOWN, text=str(...), units='height', win=Window(...), wrapWidth=1)
8.0528 	EXP 	eng_proficiency: autoLog = True
8.0528 	EXP 	eng_proficiency: markerPos = None
8.0528 	EXP 	eng_proficiency: rating = None
8.0528 	EXP 	eng_proficiency: markerPos = None
8.0528 	EXP 	eng_proficiency: contrast = 1.0
8.0528 	EXP 	eng_proficiency: autoLog = True
8.0528 	EXP 	eng_proficiency: styleTweaks = []
8.0528 	EXP 	eng_proficiency: style = 'rating'
8.0528 	EXP 	eng_proficiency: styleTweaks = []
8.0528 	EXP 	eng_proficiency: markerPos = None
8.0528 	EXP 	eng_proficiency: markerPos = None
8.0528 	EXP 	eng_proficiency: rating = None
8.0528 	EXP 	eng_proficiency: autoDraw = True
8.0528 	EXP 	text: autoDraw = True
12.6067 	DATA 	Keypress: escape
12.7324 	EXP 	window1: mouseVisible = True
0.6250 	WARNING 	We strongly recommend you activate the PTB sound engine in PsychoPy prefs as the preferred audio engine. Its timing is vastly superior. Your prefs are currently set to use ['sounddevice', 'PTB', 'pyo', 'pygame'] (in that order).
3.6189 	WARNING 	User requested fullscreen with size [1024  768], but screen is actually [1440, 900]. Using actual size
4.2024 	EXP 	Created window1 = Window(allowGUI=False, allowStencil=False, autoLog=True, backendConf=UNKNOWN, bitsMode=UNKNOWN, blendMode='avg', bpc=(8, 8, 8), color=array([0, 0, 0]), colorSpace='rgb', depthBits=8, fullscr=<method-wrapper '__getattribute__' of attributeSetter object at 0x7f8dc619dac8>, gamma=None, gammaErrorPolicy='raise', lms=UNKNOWN, monitor=<psychopy.monitors.calibTools.Monitor object at 0x7f8df1743a58>, multiSample=False, name='window1', numSamples=2, pos=[360.0, 225.0], screen=0, size=array([2880, 1800]), stencilBits=0, stereo=False, units='height', useFBO=True, useRetina=True, viewOri=0.0, viewPos=None, viewScale=None, waitBlanking=True, winType='pyglet')
4.2027 	EXP 	window1: mouseVisible = True
4.2027 	EXP 	window1: recordFrameIntervals = False
4.3686 	EXP 	window1: recordFrameIntervals = True
4.5527 	EXP 	window1: recordFrameIntervals = False
5.1619 	EXP 	window1: mouseVisible = True
5.2031 	EXP 	Created eng_proficiency = Slider(__class__=<class 'psychopy.visual.slider.Slider'>, autoDraw=False, autoLog=True, borderColor=None, color=None, colorSpace='rgb', depth=0, fillColor=None, flip=False, font='Open Sans', granularity=0.0, labelHeight=0.05, labelWrapWidth=None, labels=(1, 2, 3, 4, 5, 6, 7, 8, 9), name='eng_proficiency', opacity=None, pos=(0, 0.2), readOnly=False, self=UNKNOWN, size=(1.0, 0.1), startValue=None, style=method-wrapper(...), styleTweaks=method-wrapper(...), ticks=array([1, 2, 3, 4, 5, 6, 7, 8, 9]), units='height', win=Window(...))
5.2211 	EXP 	Created text = TextStim(__class__=<class 'psychopy.visual.text.TextStim'>, alignHoriz=method-wrapper(...), alignText='center', alignVert=method-wrapper(...), anchorHoriz='center', anchorVert='center', antialias=True, autoLog=True, bold=False, color=array([1., 1., 1.]), colorSpace='rgb', contrast=1.0, depth=-1.0, flipHoriz=False, flipVert=False, font='Open Sans', fontFiles=[], height=0.04, italic=False, languageStyle='LTR', name='text', opacity=1, ori=0.0, pos=array([ 0. , -0.3]), rgb=UNKNOWN, text=str(...), units='height', win=Window(...), wrapWidth=1)
5.2389 	EXP 	eng_proficiency: autoLog = True
5.2389 	EXP 	eng_proficiency: markerPos = None
5.2389 	EXP 	eng_proficiency: rating = None
5.2389 	EXP 	eng_proficiency: markerPos = None
5.2389 	EXP 	eng_proficiency: contrast = 1.0
5.2389 	EXP 	eng_proficiency: autoLog = True
5.2389 	EXP 	eng_proficiency: styleTweaks = []
5.2389 	EXP 	eng_proficiency: style = 'rating'
5.2389 	EXP 	eng_proficiency: styleTweaks = []
5.2389 	EXP 	eng_proficiency: markerPos = None
5.2389 	EXP 	eng_proficiency: markerPos = None
5.2389 	EXP 	eng_proficiency: rating = None
5.2389 	EXP 	eng_proficiency: autoDraw = True
5.2389 	EXP 	text: autoDraw = True
16.8024 	DATA 	Mouse: Left button down, pos=(1166,625)
16.8185 	EXP 	eng_proficiency: markerPos = 8.964444444444444
16.8344 	EXP 	eng_proficiency: markerPos = 8.964444444444444
16.8521 	EXP 	eng_proficiency: markerPos = 8.964444444444444
16.8686 	EXP 	eng_proficiency: markerPos = 8.964444444444444
16.8851 	EXP 	eng_proficiency: markerPos = 8.964444444444444
16.9013 	EXP 	eng_proficiency: markerPos = 8.964444444444444
16.9185 	EXP 	eng_proficiency: markerPos = 8.964444444444444
16.9351 	EXP 	eng_proficiency: markerPos = 8.964444444444444
16.9425 	DATA 	Mouse:  Left button up, pos=(1166,625)
16.9517 	EXP 	eng_proficiency: markerPos = 8.964444444444444
16.9684 	EXP 	eng_proficiency: markerPos = 8.964444444444444
16.9684 	EXP 	eng_proficiency: rating = 8.964444444444444
16.9851 	EXP 	eng_proficiency: autoDraw = False
16.9851 	EXP 	text: autoDraw = False
16.9969 	EXP 	window1: mouseVisible = True
