0.6290 	WARNING 	We strongly recommend you activate the PTB sound engine in PsychoPy prefs as the preferred audio engine. Its timing is vastly superior. Your prefs are currently set to use ['sounddevice', 'PTB', 'pyo', 'pygame'] (in that order).
4.4752 	EXP 	Created window1 = Window(allowGUI=False, allowStencil=False, autoLog=True, backendConf=UNKNOWN, bitsMode=UNKNOWN, blendMode='avg', bpc=(8, 8, 8), color=array([0, 0, 0]), colorSpace='rgb', depthBits=8, fullscr=<method-wrapper '__getattribute__' of attributeSetter object at 0x7fbdebecabe0>, gamma=None, gammaErrorPolicy='raise', lms=UNKNOWN, monitor=<psychopy.monitors.calibTools.Monitor object at 0x7fbdeb3e5278>, multiSample=False, name='window1', numSamples=2, pos=[360.0, 225.0], screen=0, size=array([2880, 1800]), stencilBits=0, stereo=False, units='height', useFBO=True, useRetina=True, viewOri=0.0, viewPos=None, viewScale=None, waitBlanking=True, winType='pyglet')
4.4755 	EXP 	window1: mouseVisible = True
4.4755 	EXP 	window1: recordFrameIntervals = False
4.6367 	EXP 	window1: recordFrameIntervals = True
4.8203 	EXP 	window1: recordFrameIntervals = False
5.4610 	EXP 	Created text_3 = TextStim(__class__=<class 'psychopy.visual.text.TextStim'>, alignHoriz=method-wrapper(...), alignText='center', alignVert=method-wrapper(...), anchorHoriz='center', anchorVert='center', antialias=True, autoLog=True, bold=False, color=array([1., 1., 1.]), colorSpace='rgb', contrast=1.0, depth=0.0, flipHoriz=False, flipVert=False, font='Open Sans', fontFiles=[], height=0.03, italic=False, languageStyle='LTR', name='text_3', opacity=1, ori=0.0, pos=array([0., 0.]), rgb=UNKNOWN, text=str(...), units='height', win=Window(...), wrapWidth=1)
5.6574 	EXP 	window1: mouseVisible = True
5.6792 	EXP 	Created eng_proficiency = Slider(__class__=<class 'psychopy.visual.slider.Slider'>, autoDraw=False, autoLog=True, borderColor=None, color=None, colorSpace='rgb', depth=0, fillColor=None, flip=False, font='Open Sans', granularity=0.0, labelHeight=0.05, labelWrapWidth=None, labels=(10, 20, 30, 40, 50, 60, 70, 80, 90, 100), name='eng_proficiency', opacity=None, pos=(0, 0.2), readOnly=False, self=UNKNOWN, size=(1.0, 0.1), startValue=None, style=method-wrapper(...), styleTweaks=method-wrapper(...), ticks=array([ 1,  2,  3,  4,  5,  6,  7,  8,  9, 10]), units='height', win=Window(...))
5.6947 	EXP 	Created text = TextStim(__class__=<class 'psychopy.visual.text.TextStim'>, alignHoriz=method-wrapper(...), alignText='center', alignVert=method-wrapper(...), anchorHoriz='center', anchorVert='center', antialias=True, autoLog=True, bold=False, color=array([1., 1., 1.]), colorSpace='rgb', contrast=1.0, depth=-1.0, flipHoriz=False, flipVert=False, font='Open Sans', fontFiles=[], height=0.04, italic=False, languageStyle='LTR', name='text', opacity=1, ori=0.0, pos=array([ 0. , -0.3]), rgb=UNKNOWN, text=str(...), units='height', win=Window(...), wrapWidth=1)
5.6991 	EXP 	window1: mouseVisible = True
5.7136 	EXP 	Created eng_proficiency_2 = Slider(__class__=<class 'psychopy.visual.slider.Slider'>, autoDraw=False, autoLog=True, borderColor=None, color=None, colorSpace='rgb', depth=0, fillColor=None, flip=False, font='Open Sans', granularity=0.0, labelHeight=0.05, labelWrapWidth=None, labels=(1, 2, 3, 4, 5, 6, 7, 8, 9), name='eng_proficiency_2', opacity=None, pos=(0, 0.2), readOnly=False, self=UNKNOWN, size=(1.0, 0.1), startValue=None, style=method-wrapper(...), styleTweaks=method-wrapper(...), ticks=array([1, 2, 3, 4, 5, 6, 7, 8, 9]), units='height', win=Window(...))
5.7234 	EXP 	Created text_2 = TextStim(__class__=<class 'psychopy.visual.text.TextStim'>, alignHoriz=method-wrapper(...), alignText='center', alignVert=method-wrapper(...), anchorHoriz='center', anchorVert='center', antialias=True, autoLog=True, bold=False, color=array([1., 1., 1.]), colorSpace='rgb', contrast=1.0, depth=-1.0, flipHoriz=False, flipVert=False, font='Open Sans', fontFiles=[], height=0.04, italic=False, languageStyle='LTR', name='text_2', opacity=1, ori=0.0, pos=array([ 0. , -0.3]), rgb=UNKNOWN, text=str(...), units='height', win=Window(...), wrapWidth=1)
5.7278 	EXP 	window1: mouseVisible = True
5.7403 	EXP 	Created accent_rating = Slider(__class__=<class 'psychopy.visual.slider.Slider'>, autoDraw=False, autoLog=True, borderColor=None, color=None, colorSpace='rgb', depth=0, fillColor=None, flip=False, font='Open Sans', granularity=0.0, labelHeight=0.05, labelWrapWidth=None, labels=(1, 2, 3, 4, 5, 6, 7, 8, 9), name='accent_rating', opacity=None, pos=(0, -0.2), readOnly=False, self=UNKNOWN, size=(1.0, 0.1), startValue=None, style=method-wrapper(...), styleTweaks=method-wrapper(...), ticks=array([1, 2, 3, 4, 5, 6, 7, 8, 9]), units='height', win=Window(...))
5.7519 	EXP 	Created text_4 = TextStim(__class__=<class 'psychopy.visual.text.TextStim'>, alignHoriz=method-wrapper(...), alignText='center', alignVert=method-wrapper(...), anchorHoriz='center', anchorVert='center', antialias=True, autoLog=True, bold=False, color=array([1., 1., 1.]), colorSpace='rgb', contrast=1.0, depth=-1.0, flipHoriz=False, flipVert=False, font='Open Sans', fontFiles=[], height=0.04, italic=False, languageStyle='LTR', name='text_4', opacity=1, ori=0.0, pos=array([0. , 0.3]), rgb=UNKNOWN, text=str(...), units='height', win=Window(...), wrapWidth=1)
5.7580 	EXP 	eng_proficiency: autoLog = True
5.7580 	EXP 	eng_proficiency: markerPos = None
5.7580 	EXP 	eng_proficiency: rating = None
5.7580 	EXP 	eng_proficiency: markerPos = None
5.7580 	EXP 	eng_proficiency: contrast = 1.0
5.7580 	EXP 	eng_proficiency: autoLog = True
5.7580 	EXP 	eng_proficiency: styleTweaks = []
5.7580 	EXP 	eng_proficiency: style = 'rating'
5.7580 	EXP 	eng_proficiency: styleTweaks = []
5.7580 	EXP 	eng_proficiency_2: autoLog = True
5.7580 	EXP 	eng_proficiency_2: markerPos = None
5.7580 	EXP 	eng_proficiency_2: rating = None
5.7580 	EXP 	eng_proficiency_2: markerPos = None
5.7580 	EXP 	eng_proficiency_2: contrast = 1.0
5.7580 	EXP 	eng_proficiency_2: autoLog = True
5.7580 	EXP 	eng_proficiency_2: styleTweaks = []
5.7580 	EXP 	eng_proficiency_2: style = 'rating'
5.7580 	EXP 	eng_proficiency_2: styleTweaks = []
5.7580 	EXP 	accent_rating: autoLog = True
5.7580 	EXP 	accent_rating: markerPos = None
5.7580 	EXP 	accent_rating: rating = None
5.7580 	EXP 	accent_rating: markerPos = None
5.7580 	EXP 	accent_rating: contrast = 1.0
5.7580 	EXP 	accent_rating: autoLog = True
5.7580 	EXP 	accent_rating: styleTweaks = []
5.7580 	EXP 	accent_rating: style = 'rating'
5.7580 	EXP 	accent_rating: styleTweaks = []
5.7580 	EXP 	text_3: autoDraw = True
6.0948 	DATA 	Keypress: space
6.1116 	EXP 	text_3: autoDraw = False
6.1116 	EXP 	eng_proficiency: markerPos = None
6.1116 	EXP 	eng_proficiency: markerPos = None
6.1116 	EXP 	eng_proficiency: rating = None
6.1116 	EXP 	eng_proficiency: autoDraw = True
6.1116 	EXP 	text: autoDraw = True
8.0255 	DATA 	Mouse: Left button down, pos=(630,673)
8.0524 	EXP 	eng_proficiency: markerPos = 4.6
8.0689 	EXP 	eng_proficiency: markerPos = 4.6
8.0857 	EXP 	eng_proficiency: markerPos = 4.6
8.1025 	EXP 	eng_proficiency: markerPos = 4.6
8.1030 	DATA 	Mouse:  Left button up, pos=(630,674)
8.1191 	EXP 	eng_proficiency: markerPos = 4.6
8.1191 	EXP 	eng_proficiency: rating = 4.6
8.1364 	EXP 	eng_proficiency: autoDraw = False
8.1364 	EXP 	text: autoDraw = False
8.1364 	EXP 	eng_proficiency_2: markerPos = None
8.1364 	EXP 	eng_proficiency_2: markerPos = None
8.1364 	EXP 	eng_proficiency_2: rating = None
8.1364 	EXP 	eng_proficiency_2: autoDraw = True
8.1364 	EXP 	text_2: autoDraw = True
8.6697 	DATA 	Mouse: Left button down, pos=(642,644)
8.6858 	EXP 	eng_proficiency_2: markerPos = 4.306666666666667
8.7024 	EXP 	eng_proficiency_2: markerPos = 4.306666666666667
8.7185 	EXP 	eng_proficiency_2: markerPos = 4.306666666666667
8.7360 	EXP 	eng_proficiency_2: markerPos = 4.306666666666667
8.7524 	EXP 	eng_proficiency_2: markerPos = 4.306666666666667
8.7528 	DATA 	Mouse:  Left button up, pos=(642,644)
8.7692 	EXP 	eng_proficiency_2: markerPos = 4.306666666666667
8.7692 	EXP 	eng_proficiency_2: rating = 4.306666666666667
8.7866 	EXP 	eng_proficiency_2: autoDraw = False
8.7866 	EXP 	text_2: autoDraw = False
8.7866 	EXP 	accent_rating: markerPos = None
8.7866 	EXP 	accent_rating: markerPos = None
8.7866 	EXP 	accent_rating: rating = None
8.7866 	EXP 	accent_rating: autoDraw = True
8.7866 	EXP 	text_4: autoDraw = True
17.8867 	DATA 	Mouse: Left button down, pos=(677,269)
17.9026 	EXP 	accent_rating: markerPos = 4.6177777777777775
17.9194 	EXP 	accent_rating: markerPos = 4.6177777777777775
17.9348 	EXP 	accent_rating: markerPos = 4.6177777777777775
17.9521 	EXP 	accent_rating: markerPos = 4.6177777777777775
17.9696 	EXP 	accent_rating: markerPos = 4.6177777777777775
17.9863 	EXP 	accent_rating: markerPos = 4.6177777777777775
18.0031 	EXP 	accent_rating: markerPos = 4.6177777777777775
18.0036 	DATA 	Mouse:  Left button up, pos=(677,269)
18.0193 	EXP 	accent_rating: markerPos = 4.6177777777777775
18.0193 	EXP 	accent_rating: rating = 4.6177777777777775
18.0361 	EXP 	accent_rating: autoDraw = False
18.0361 	EXP 	text_4: autoDraw = False
18.0471 	EXP 	window1: mouseVisible = True
